02-Jul-21 05:11:48 - INFO - /media/sf_proyectos-docker/Proyectps/projectsegura/projectsegura/views.py changed, reloading.
02-Jul-21 05:15:55 - INFO - /media/sf_proyectos-docker/Proyectps/projectsegura/projectsegura/views.py changed, reloading.
02-Jul-21 14:48:06 - WARNING - Not Found: /static/js/generar.js
02-Jul-21 14:48:06 - WARNING - Not Found: /static/js/generar.js
02-Jul-21 14:48:06 - WARNING - Not Found: /favicon.ico
02-Jul-21 14:48:10 - WARNING - Not Found: /static/js/generar.js
02-Jul-21 14:48:10 - WARNING - Not Found: /static/js/validar.js
02-Jul-21 14:48:10 - WARNING - Not Found: /static/js/generar.js
02-Jul-21 14:48:10 - WARNING - Not Found: /static/js/validar.js
02-Jul-21 14:49:27 - INFO - Usuario libra registrado 
02-Jul-21 14:49:27 - WARNING - Not Found: /static/js/generar.js
02-Jul-21 14:49:27 - WARNING - Not Found: /static/js/generar.js
02-Jul-21 14:49:47 - WARNING - Not Found: /static/js/generar.js
02-Jul-21 14:49:48 - WARNING - Not Found: /static/js/generar.js
02-Jul-21 14:49:55 - WARNING - Not Found: /static/js/generar.js
02-Jul-21 14:49:55 - WARNING - Not Found: /static/js/generar.js
02-Jul-21 14:50:24 - WARNING - Not Found: /static/js/generar.js
02-Jul-21 14:50:24 - WARNING - Not Found: /static/js/generar.js
02-Jul-21 14:50:38 - WARNING - Not Found: /static/js/generar.js
02-Jul-21 14:50:38 - WARNING - Not Found: /static/js/generar.js
02-Jul-21 14:53:23 - WARNING - Not Found: /static/js/generar.js
02-Jul-21 14:53:31 - WARNING - Not Found: /static/js/generar.js
02-Jul-21 14:53:31 - WARNING - Not Found: /static/js/generar.js
02-Jul-21 14:54:04 - INFO - libra inició sesion
02-Jul-21 14:54:04 - WARNING - Not Found: /static/js/generar.js
02-Jul-21 14:54:04 - WARNING - Not Found: /static/js/generar.js
02-Jul-21 14:54:06 - WARNING - Not Found: /static/js/generar.js
02-Jul-21 14:54:06 - WARNING - Not Found: /static/js/generar.js
02-Jul-21 14:54:36 - WARNING - Not Found: /static/js/generar.js
02-Jul-21 14:54:36 - WARNING - Not Found: /static/js/generar.js
02-Jul-21 14:54:44 - INFO - Credencial de usuario libra registrada
02-Jul-21 14:54:44 - WARNING - Not Found: /static/js/generar.js
02-Jul-21 14:54:44 - WARNING - Not Found: /static/js/generar.js
02-Jul-21 15:41:18 - WARNING - Not Found: /
02-Jul-21 15:41:18 - WARNING - Not Found: /favicon.ico
02-Jul-21 15:41:21 - WARNING - Not Found: /static/js/generar.js
02-Jul-21 15:41:21 - WARNING - Not Found: /static/js/generar.js
02-Jul-21 15:41:23 - WARNING - Not Found: /static/js/generar.js
02-Jul-21 15:41:23 - WARNING - Not Found: /static/js/validar.js
02-Jul-21 15:41:23 - WARNING - Not Found: /static/js/generar.js
02-Jul-21 15:41:23 - WARNING - Not Found: /static/js/validar.js
02-Jul-21 15:44:12 - WARNING - Not Found: /static/js/generar.js
02-Jul-21 15:44:12 - WARNING - Not Found: /static/js/generar.js
02-Jul-21 15:44:15 - WARNING - Not Found: /static/js/generar.js
02-Jul-21 15:44:15 - WARNING - Not Found: /static/js/validar.js
02-Jul-21 15:44:15 - WARNING - Not Found: /static/js/generar.js
02-Jul-21 15:44:15 - WARNING - Not Found: /static/js/validar.js
02-Jul-21 15:45:57 - INFO - Usuario jarsu registrado 
02-Jul-21 15:45:57 - WARNING - Not Found: /static/js/generar.js
02-Jul-21 15:45:57 - WARNING - Not Found: /static/js/generar.js
02-Jul-21 15:46:36 - WARNING - Not Found: /static/js/generar.js
02-Jul-21 15:46:37 - WARNING - Not Found: /static/js/generar.js
02-Jul-21 15:46:58 - INFO - jarsu inició sesion
02-Jul-21 15:46:58 - WARNING - Not Found: /static/js/generar.js
02-Jul-21 15:47:14 - WARNING - Not Found: /static/js/generar.js
02-Jul-21 15:47:14 - WARNING - Not Found: /static/js/generar.js
02-Jul-21 15:48:17 - WARNING - Not Found: /static/js/generar.js
02-Jul-21 15:48:17 - WARNING - Not Found: /static/js/generar.js
02-Jul-21 15:48:28 - INFO - Credencial de usuario jarsu registrada
02-Jul-21 15:48:28 - WARNING - Not Found: /static/js/generar.js
02-Jul-21 15:48:28 - WARNING - Not Found: /static/js/generar.js
02-Jul-21 15:48:41 - WARNING - Not Found: /static/js/generar.js
02-Jul-21 15:48:41 - WARNING - Not Found: /static/js/generar.js
02-Jul-21 15:48:52 - WARNING - Not Found: /static/js/generar.js
02-Jul-21 15:48:52 - WARNING - Not Found: /static/js/generar.js
02-Jul-21 15:49:02 - WARNING - Not Found: /static/js/generar.js
02-Jul-21 15:49:02 - WARNING - Not Found: /static/js/generar.js
02-Jul-21 15:51:04 - WARNING - Not Found: /static/js/generar.js
02-Jul-21 15:51:04 - WARNING - Not Found: /static/js/generar.js
02-Jul-21 15:51:09 - WARNING - Not Found: /static/js/generar.js
02-Jul-21 15:51:19 - WARNING - Not Found: /static/js/generar.js
02-Jul-21 15:51:19 - WARNING - Not Found: /static/js/generar.js
02-Jul-21 15:51:29 - WARNING - Not Found: /static/js/generar.js
02-Jul-21 15:51:29 - WARNING - Not Found: /static/js/generar.js
02-Jul-21 15:52:22 - WARNING - Not Found: /static/js/generar.js
02-Jul-21 15:52:22 - WARNING - Not Found: /static/js/generar.js
02-Jul-21 16:49:39 - INFO - /media/sf_proyectos/Proyectps/projectsegura/projectsegura/views.py changed, reloading.
